[3.067s] Invoking command in '/home/ubuntu/ros2_ws/src/motor_control': PYTHONPATH=/home/ubuntu/ros2_ws/build/motor_control/prefix_override:/usr/lib/python3/dist-packages/colcon_core/task/python/colcon_distutils_commands:/home/ubuntu/ros2_ws/install/motor_control/lib/python3.10/site-packages:${PYTHONPATH} /usr/bin/python3 -W ignore:setup.py install is deprecated -W ignore:easy_install command is deprecated setup.py egg_info --egg-base ../../build/motor_control build --build-base /home/ubuntu/ros2_ws/build/motor_control/build install --record /home/ubuntu/ros2_ws/build/motor_control/install.log --single-version-externally-managed install_data
[4.219s] running egg_info
[4.223s] writing ../../build/motor_control/motor_control.egg-info/PKG-INFO
[4.224s] writing dependency_links to ../../build/motor_control/motor_control.egg-info/dependency_links.txt
[4.225s] writing entry points to ../../build/motor_control/motor_control.egg-info/entry_points.txt
[4.226s] writing requirements to ../../build/motor_control/motor_control.egg-info/requires.txt
[4.227s] writing top-level names to ../../build/motor_control/motor_control.egg-info/top_level.txt
[4.235s] reading manifest file '../../build/motor_control/motor_control.egg-info/SOURCES.txt'
[4.240s] writing manifest file '../../build/motor_control/motor_control.egg-info/SOURCES.txt'
[4.240s] running build
[4.241s] running build_py
[4.242s] running install
[4.244s] running install_lib
[4.250s] running install_data
[4.250s] running install_egg_info
[4.259s] removing '/home/ubuntu/ros2_ws/install/motor_control/lib/python3.10/site-packages/motor_control-0.0.0-py3.10.egg-info' (and everything under it)
[4.261s] Copying ../../build/motor_control/motor_control.egg-info to /home/ubuntu/ros2_ws/install/motor_control/lib/python3.10/site-packages/motor_control-0.0.0-py3.10.egg-info
[4.269s] running install_scripts
[4.359s] Installing motor_controller script to /home/ubuntu/ros2_ws/install/motor_control/lib/motor_control
[4.361s] writing list of installed files to '/home/ubuntu/ros2_ws/build/motor_control/install.log'
[4.486s] Invoked command in '/home/ubuntu/ros2_ws/src/motor_control' returned '0': PYTHONPATH=/home/ubuntu/ros2_ws/build/motor_control/prefix_override:/usr/lib/python3/dist-packages/colcon_core/task/python/colcon_distutils_commands:/home/ubuntu/ros2_ws/install/motor_control/lib/python3.10/site-packages:${PYTHONPATH} /usr/bin/python3 -W ignore:setup.py install is deprecated -W ignore:easy_install command is deprecated setup.py egg_info --egg-base ../../build/motor_control build --build-base /home/ubuntu/ros2_ws/build/motor_control/build install --record /home/ubuntu/ros2_ws/build/motor_control/install.log --single-version-externally-managed install_data
