[3.050s] Invoking command in '/home/ubuntu/ros2_ws/src/mpu6050_imu': PYTHONPATH=/home/ubuntu/ros2_ws/build/mpu6050_imu/prefix_override:/usr/lib/python3/dist-packages/colcon_core/task/python/colcon_distutils_commands:/home/ubuntu/ros2_ws/install/mpu6050_imu/lib/python3.10/site-packages:${PYTHONPATH} /usr/bin/python3 -W ignore:setup.py install is deprecated -W ignore:easy_install command is deprecated setup.py egg_info --egg-base ../../build/mpu6050_imu build --build-base /home/ubuntu/ros2_ws/build/mpu6050_imu/build install --record /home/ubuntu/ros2_ws/build/mpu6050_imu/install.log --single-version-externally-managed install_data
[4.210s] running egg_info
[4.213s] writing ../../build/mpu6050_imu/mpu6050_imu.egg-info/PKG-INFO
[4.214s] writing dependency_links to ../../build/mpu6050_imu/mpu6050_imu.egg-info/dependency_links.txt
[4.215s] writing entry points to ../../build/mpu6050_imu/mpu6050_imu.egg-info/entry_points.txt
[4.216s] writing requirements to ../../build/mpu6050_imu/mpu6050_imu.egg-info/requires.txt
[4.217s] writing top-level names to ../../build/mpu6050_imu/mpu6050_imu.egg-info/top_level.txt
[4.226s] reading manifest file '../../build/mpu6050_imu/mpu6050_imu.egg-info/SOURCES.txt'
[4.231s] writing manifest file '../../build/mpu6050_imu/mpu6050_imu.egg-info/SOURCES.txt'
[4.231s] running build
[4.232s] running build_py
[4.233s] running install
[4.234s] running install_lib
[4.240s] running install_data
[4.240s] running install_egg_info
[4.249s] removing '/home/ubuntu/ros2_ws/install/mpu6050_imu/lib/python3.10/site-packages/mpu6050_imu-0.0.0-py3.10.egg-info' (and everything under it)
[4.251s] Copying ../../build/mpu6050_imu/mpu6050_imu.egg-info to /home/ubuntu/ros2_ws/install/mpu6050_imu/lib/python3.10/site-packages/mpu6050_imu-0.0.0-py3.10.egg-info
[4.259s] running install_scripts
[4.349s] Installing mpu6050_node script to /home/ubuntu/ros2_ws/install/mpu6050_imu/lib/mpu6050_imu
[4.351s] writing list of installed files to '/home/ubuntu/ros2_ws/build/mpu6050_imu/install.log'
[4.477s] Invoked command in '/home/ubuntu/ros2_ws/src/mpu6050_imu' returned '0': PYTHONPATH=/home/ubuntu/ros2_ws/build/mpu6050_imu/prefix_override:/usr/lib/python3/dist-packages/colcon_core/task/python/colcon_distutils_commands:/home/ubuntu/ros2_ws/install/mpu6050_imu/lib/python3.10/site-packages:${PYTHONPATH} /usr/bin/python3 -W ignore:setup.py install is deprecated -W ignore:easy_install command is deprecated setup.py egg_info --egg-base ../../build/mpu6050_imu build --build-base /home/ubuntu/ros2_ws/build/mpu6050_imu/build install --record /home/ubuntu/ros2_ws/build/mpu6050_imu/install.log --single-version-externally-managed install_data
