[0.508s] DEBUG:colcon:Command line arguments: ['/usr/bin/colcon', 'build', '--packages-select', 'mpu6050_imu']
[0.509s] DEBUG:colcon:Parsed command line arguments: Namespace(log_base=None, log_level=None, verb_name='build', build_base='build', install_base='install', merge_install=False, symlink_install=False, test_result_base=None, continue_on_error=False, executor='parallel', parallel_workers=4, event_handlers=None, ignore_user_meta=False, metas=['./colcon.meta'], base_paths=['.'], packages_ignore=None, packages_ignore_regex=None, paths=None, packages_up_to=None, packages_up_to_regex=None, packages_above=None, packages_above_and_dependencies=None, packages_above_depth=None, packages_select_by_dep=None, packages_skip_by_dep=None, packages_skip_up_to=None, packages_select_build_failed=False, packages_skip_build_finished=False, packages_select_test_failures=False, packages_skip_test_passed=False, packages_select=['mpu6050_imu'], packages_skip=None, packages_select_regex=None, packages_skip_regex=None, packages_start=None, packages_end=None, allow_overriding=[], cmake_args=None, cmake_target=None, cmake_target_skip_unavailable=False, cmake_clean_cache=False, cmake_clean_first=False, cmake_force_configure=False, ament_cmake_args=None, catkin_cmake_args=None, catkin_skip_building_tests=False, mixin_files=None, mixin=None, verb_parser=<colcon_mixin.mixin.mixin_argument.MixinArgumentDecorator object at 0xffff82a9c0d0>, verb_extension=<colcon_core.verb.build.BuildVerb object at 0xffff82bc9060>, main=<bound method BuildVerb.main of <colcon_core.verb.build.BuildVerb object at 0xffff82bc9060>>, mixin_verb=('build',))
[1.291s] Level 1:colcon.colcon_core.package_discovery:discover_packages(colcon_meta) check parameters
[1.291s] Level 1:colcon.colcon_core.package_discovery:discover_packages(recursive) check parameters
[1.291s] Level 1:colcon.colcon_core.package_discovery:discover_packages(ignore) check parameters
[1.291s] Level 1:colcon.colcon_core.package_discovery:discover_packages(path) check parameters
[1.292s] Level 1:colcon.colcon_core.package_discovery:discover_packages(colcon_meta) discover
[1.292s] Level 1:colcon.colcon_core.package_discovery:discover_packages(recursive) discover
[1.292s] INFO:colcon.colcon_core.package_discovery:Crawling recursively for packages in '/home/ubuntu/ros2_ws'
[1.293s] Level 1:colcon.colcon_core.package_identification:_identify(.) by extensions ['ignore', 'ignore_ament_install']
[1.293s] Level 1:colcon.colcon_core.package_identification:_identify(.) by extension 'ignore'
[1.293s] Level 1:colcon.colcon_core.package_identification:_identify(.) by extension 'ignore_ament_install'
[1.294s] Level 1:colcon.colcon_core.package_identification:_identify(.) by extensions ['colcon_pkg']
[1.294s] Level 1:colcon.colcon_core.package_identification:_identify(.) by extension 'colcon_pkg'
[1.294s] Level 1:colcon.colcon_core.package_identification:_identify(.) by extensions ['colcon_meta']
[1.294s] Level 1:colcon.colcon_core.package_identification:_identify(.) by extension 'colcon_meta'
[1.294s] Level 1:colcon.colcon_core.package_identification:_identify(.) by extensions ['ros']
[1.294s] Level 1:colcon.colcon_core.package_identification:_identify(.) by extension 'ros'
[1.349s] Level 1:colcon.colcon_core.package_identification:_identify(.) by extensions ['cmake', 'python']
[1.350s] Level 1:colcon.colcon_core.package_identification:_identify(.) by extension 'cmake'
[1.350s] Level 1:colcon.colcon_core.package_identification:_identify(.) by extension 'python'
[1.350s] Level 1:colcon.colcon_core.package_identification:_identify(.) by extensions ['python_setup_py']
[1.350s] Level 1:colcon.colcon_core.package_identification:_identify(.) by extension 'python_setup_py'
[1.351s] Level 1:colcon.colcon_core.package_identification:_identify(build) by extensions ['ignore', 'ignore_ament_install']
[1.351s] Level 1:colcon.colcon_core.package_identification:_identify(build) by extension 'ignore'
[1.351s] Level 1:colcon.colcon_core.package_identification:_identify(build) ignored
[1.352s] Level 1:colcon.colcon_core.package_identification:_identify(install) by extensions ['ignore', 'ignore_ament_install']
[1.353s] Level 1:colcon.colcon_core.package_identification:_identify(install) by extension 'ignore'
[1.353s] Level 1:colcon.colcon_core.package_identification:_identify(install) ignored
[1.354s] Level 1:colcon.colcon_core.package_identification:_identify(log) by extensions ['ignore', 'ignore_ament_install']
[1.354s] Level 1:colcon.colcon_core.package_identification:_identify(log) by extension 'ignore'
[1.354s] Level 1:colcon.colcon_core.package_identification:_identify(log) ignored
[1.355s] Level 1:colcon.colcon_core.package_identification:_identify(src) by extensions ['ignore', 'ignore_ament_install']
[1.355s] Level 1:colcon.colcon_core.package_identification:_identify(src) by extension 'ignore'
[1.355s] Level 1:colcon.colcon_core.package_identification:_identify(src) by extension 'ignore_ament_install'
[1.356s] Level 1:colcon.colcon_core.package_identification:_identify(src) by extensions ['colcon_pkg']
[1.356s] Level 1:colcon.colcon_core.package_identification:_identify(src) by extension 'colcon_pkg'
[1.356s] Level 1:colcon.colcon_core.package_identification:_identify(src) by extensions ['colcon_meta']
[1.356s] Level 1:colcon.colcon_core.package_identification:_identify(src) by extension 'colcon_meta'
[1.356s] Level 1:colcon.colcon_core.package_identification:_identify(src) by extensions ['ros']
[1.356s] Level 1:colcon.colcon_core.package_identification:_identify(src) by extension 'ros'
[1.357s] Level 1:colcon.colcon_core.package_identification:_identify(src) by extensions ['cmake', 'python']
[1.357s] Level 1:colcon.colcon_core.package_identification:_identify(src) by extension 'cmake'
[1.357s] Level 1:colcon.colcon_core.package_identification:_identify(src) by extension 'python'
[1.357s] Level 1:colcon.colcon_core.package_identification:_identify(src) by extensions ['python_setup_py']
[1.358s] Level 1:colcon.colcon_core.package_identification:_identify(src) by extension 'python_setup_py'
[1.358s] Level 1:colcon.colcon_core.package_identification:_identify(src/motor_control) by extensions ['ignore', 'ignore_ament_install']
[1.358s] Level 1:colcon.colcon_core.package_identification:_identify(src/motor_control) by extension 'ignore'
[1.359s] Level 1:colcon.colcon_core.package_identification:_identify(src/motor_control) by extension 'ignore_ament_install'
[1.359s] Level 1:colcon.colcon_core.package_identification:_identify(src/motor_control) by extensions ['colcon_pkg']
[1.359s] Level 1:colcon.colcon_core.package_identification:_identify(src/motor_control) by extension 'colcon_pkg'
[1.359s] Level 1:colcon.colcon_core.package_identification:_identify(src/motor_control) by extensions ['colcon_meta']
[1.359s] Level 1:colcon.colcon_core.package_identification:_identify(src/motor_control) by extension 'colcon_meta'
[1.360s] Level 1:colcon.colcon_core.package_identification:_identify(src/motor_control) by extensions ['ros']
[1.360s] Level 1:colcon.colcon_core.package_identification:_identify(src/motor_control) by extension 'ros'
[1.370s] DEBUG:colcon.colcon_core.package_identification:Package 'src/motor_control' with type 'ros.ament_python' and name 'motor_control'
[1.371s] Level 1:colcon.colcon_core.package_identification:_identify(src/mpu6050_imu) by extensions ['ignore', 'ignore_ament_install']
[1.371s] Level 1:colcon.colcon_core.package_identification:_identify(src/mpu6050_imu) by extension 'ignore'
[1.372s] Level 1:colcon.colcon_core.package_identification:_identify(src/mpu6050_imu) by extension 'ignore_ament_install'
[1.372s] Level 1:colcon.colcon_core.package_identification:_identify(src/mpu6050_imu) by extensions ['colcon_pkg']
[1.372s] Level 1:colcon.colcon_core.package_identification:_identify(src/mpu6050_imu) by extension 'colcon_pkg'
[1.372s] Level 1:colcon.colcon_core.package_identification:_identify(src/mpu6050_imu) by extensions ['colcon_meta']
[1.373s] Level 1:colcon.colcon_core.package_identification:_identify(src/mpu6050_imu) by extension 'colcon_meta'
[1.373s] Level 1:colcon.colcon_core.package_identification:_identify(src/mpu6050_imu) by extensions ['ros']
[1.373s] Level 1:colcon.colcon_core.package_identification:_identify(src/mpu6050_imu) by extension 'ros'
[1.376s] DEBUG:colcon.colcon_core.package_identification:Package 'src/mpu6050_imu' with type 'ros.ament_python' and name 'mpu6050_imu'
[1.377s] Level 1:colcon.colcon_core.package_identification:_identify(src/my_robot_controller) by extensions ['ignore', 'ignore_ament_install']
[1.378s] Level 1:colcon.colcon_core.package_identification:_identify(src/my_robot_controller) by extension 'ignore'
[1.379s] Level 1:colcon.colcon_core.package_identification:_identify(src/my_robot_controller) by extension 'ignore_ament_install'
[1.379s] Level 1:colcon.colcon_core.package_identification:_identify(src/my_robot_controller) by extensions ['colcon_pkg']
[1.379s] Level 1:colcon.colcon_core.package_identification:_identify(src/my_robot_controller) by extension 'colcon_pkg'
[1.379s] Level 1:colcon.colcon_core.package_identification:_identify(src/my_robot_controller) by extensions ['colcon_meta']
[1.379s] Level 1:colcon.colcon_core.package_identification:_identify(src/my_robot_controller) by extension 'colcon_meta'
[1.380s] Level 1:colcon.colcon_core.package_identification:_identify(src/my_robot_controller) by extensions ['ros']
[1.380s] Level 1:colcon.colcon_core.package_identification:_identify(src/my_robot_controller) by extension 'ros'
[1.383s] DEBUG:colcon.colcon_core.package_identification:Package 'src/my_robot_controller' with type 'ros.ament_python' and name 'my_robot_controller'
[1.384s] Level 1:colcon.colcon_core.package_identification:_identify(src/robot_test) by extensions ['ignore', 'ignore_ament_install']
[1.384s] Level 1:colcon.colcon_core.package_identification:_identify(src/robot_test) by extension 'ignore'
[1.384s] Level 1:colcon.colcon_core.package_identification:_identify(src/robot_test) by extension 'ignore_ament_install'
[1.385s] Level 1:colcon.colcon_core.package_identification:_identify(src/robot_test) by extensions ['colcon_pkg']
[1.385s] Level 1:colcon.colcon_core.package_identification:_identify(src/robot_test) by extension 'colcon_pkg'
[1.385s] Level 1:colcon.colcon_core.package_identification:_identify(src/robot_test) by extensions ['colcon_meta']
[1.385s] Level 1:colcon.colcon_core.package_identification:_identify(src/robot_test) by extension 'colcon_meta'
[1.385s] Level 1:colcon.colcon_core.package_identification:_identify(src/robot_test) by extensions ['ros']
[1.385s] Level 1:colcon.colcon_core.package_identification:_identify(src/robot_test) by extension 'ros'
[1.389s] DEBUG:colcon.colcon_core.package_identification:Package 'src/robot_test' with type 'ros.ament_python' and name 'robot_test'
[1.389s] Level 1:colcon.colcon_core.package_discovery:discover_packages(recursive) using defaults
[1.389s] Level 1:colcon.colcon_core.package_discovery:discover_packages(ignore) discover
[1.389s] Level 1:colcon.colcon_core.package_discovery:discover_packages(ignore) using defaults
[1.389s] Level 1:colcon.colcon_core.package_discovery:discover_packages(path) discover
[1.390s] Level 1:colcon.colcon_core.package_discovery:discover_packages(path) using defaults
[1.475s] INFO:colcon.colcon_core.package_selection:Skipping not selected package 'motor_control' in 'src/motor_control'
[1.475s] INFO:colcon.colcon_core.package_selection:Skipping not selected package 'my_robot_controller' in 'src/my_robot_controller'
[1.475s] INFO:colcon.colcon_core.package_selection:Skipping not selected package 'robot_test' in 'src/robot_test'
[1.477s] Level 1:colcon.colcon_core.package_discovery:discover_packages(prefix_path) check parameters
[1.478s] Level 1:colcon.colcon_core.package_discovery:discover_packages(prefix_path) discover
[1.487s] DEBUG:colcon.colcon_installed_package_information.package_discovery:Found 2 installed packages in /home/ubuntu/ros2_ws/install
[1.494s] DEBUG:colcon.colcon_installed_package_information.package_discovery:Found 181 installed packages in /opt/ros/humble
[1.499s] Level 1:colcon.colcon_core.package_discovery:discover_packages(prefix_path) using defaults
[1.666s] Level 5:colcon.colcon_core.verb:set package 'mpu6050_imu' build argument 'cmake_args' from command line to 'None'
[1.666s] Level 5:colcon.colcon_core.verb:set package 'mpu6050_imu' build argument 'cmake_target' from command line to 'None'
[1.666s] Level 5:colcon.colcon_core.verb:set package 'mpu6050_imu' build argument 'cmake_target_skip_unavailable' from command line to 'False'
[1.666s] Level 5:colcon.colcon_core.verb:set package 'mpu6050_imu' build argument 'cmake_clean_cache' from command line to 'False'
[1.667s] Level 5:colcon.colcon_core.verb:set package 'mpu6050_imu' build argument 'cmake_clean_first' from command line to 'False'
[1.667s] Level 5:colcon.colcon_core.verb:set package 'mpu6050_imu' build argument 'cmake_force_configure' from command line to 'False'
[1.667s] Level 5:colcon.colcon_core.verb:set package 'mpu6050_imu' build argument 'ament_cmake_args' from command line to 'None'
[1.667s] Level 5:colcon.colcon_core.verb:set package 'mpu6050_imu' build argument 'catkin_cmake_args' from command line to 'None'
[1.667s] Level 5:colcon.colcon_core.verb:set package 'mpu6050_imu' build argument 'catkin_skip_building_tests' from command line to 'False'
[1.667s] DEBUG:colcon.colcon_core.verb:Building package 'mpu6050_imu' with the following arguments: {'ament_cmake_args': None, 'build_base': '/home/ubuntu/ros2_ws/build/mpu6050_imu', 'catkin_cmake_args': None, 'catkin_skip_building_tests': False, 'cmake_args': None, 'cmake_clean_cache': False, 'cmake_clean_first': False, 'cmake_force_configure': False, 'cmake_target': None, 'cmake_target_skip_unavailable': False, 'install_base': '/home/ubuntu/ros2_ws/install/mpu6050_imu', 'merge_install': False, 'path': '/home/ubuntu/ros2_ws/src/mpu6050_imu', 'symlink_install': False, 'test_result_base': None}
[1.668s] INFO:colcon.colcon_core.executor:Executing jobs using 'parallel' executor
[1.672s] DEBUG:colcon.colcon_parallel_executor.executor.parallel:run_until_complete
[1.673s] INFO:colcon.colcon_ros.task.ament_python.build:Building ROS package in '/home/ubuntu/ros2_ws/src/mpu6050_imu' with build type 'ament_python'
[1.673s] Level 1:colcon.colcon_core.shell:create_environment_hook('mpu6050_imu', 'ament_prefix_path')
[1.684s] INFO:colcon.colcon_core.plugin_system:Skipping extension 'colcon_core.shell.bat': Not used on non-Windows systems
[1.685s] INFO:colcon.colcon_core.shell:Creating environment hook '/home/ubuntu/ros2_ws/install/mpu6050_imu/share/mpu6050_imu/hook/ament_prefix_path.ps1'
[1.689s] INFO:colcon.colcon_core.shell:Creating environment descriptor '/home/ubuntu/ros2_ws/install/mpu6050_imu/share/mpu6050_imu/hook/ament_prefix_path.dsv'
[1.691s] INFO:colcon.colcon_core.shell:Creating environment hook '/home/ubuntu/ros2_ws/install/mpu6050_imu/share/mpu6050_imu/hook/ament_prefix_path.sh'
[1.695s] INFO:colcon.colcon_core.shell:Skip shell extension 'powershell' for command environment: Not usable outside of PowerShell
[1.695s] DEBUG:colcon.colcon_core.shell:Skip shell extension 'dsv' for command environment
[2.928s] INFO:colcon.colcon_core.task.python.build:Building Python package in '/home/ubuntu/ros2_ws/src/mpu6050_imu'
[2.930s] INFO:colcon.colcon_core.shell:Skip shell extension 'powershell' for command environment: Not usable outside of PowerShell
[2.930s] DEBUG:colcon.colcon_core.shell:Skip shell extension 'dsv' for command environment
[4.674s] DEBUG:colcon.colcon_core.event_handler.log_command:Invoking command in '/home/ubuntu/ros2_ws/src/mpu6050_imu': PYTHONPATH=/home/ubuntu/ros2_ws/build/mpu6050_imu/prefix_override:/usr/lib/python3/dist-packages/colcon_core/task/python/colcon_distutils_commands:/home/ubuntu/ros2_ws/install/mpu6050_imu/lib/python3.10/site-packages:${PYTHONPATH} /usr/bin/python3 -W ignore:setup.py install is deprecated -W ignore:easy_install command is deprecated setup.py egg_info --egg-base ../../build/mpu6050_imu build --build-base /home/ubuntu/ros2_ws/build/mpu6050_imu/build install --record /home/ubuntu/ros2_ws/build/mpu6050_imu/install.log --single-version-externally-managed install_data
[6.089s] DEBUG:colcon.colcon_core.event_handler.log_command:Invoked command in '/home/ubuntu/ros2_ws/src/mpu6050_imu' returned '0': PYTHONPATH=/home/ubuntu/ros2_ws/build/mpu6050_imu/prefix_override:/usr/lib/python3/dist-packages/colcon_core/task/python/colcon_distutils_commands:/home/ubuntu/ros2_ws/install/mpu6050_imu/lib/python3.10/site-packages:${PYTHONPATH} /usr/bin/python3 -W ignore:setup.py install is deprecated -W ignore:easy_install command is deprecated setup.py egg_info --egg-base ../../build/mpu6050_imu build --build-base /home/ubuntu/ros2_ws/build/mpu6050_imu/build install --record /home/ubuntu/ros2_ws/build/mpu6050_imu/install.log --single-version-externally-managed install_data
[6.099s] Level 1:colcon.colcon_core.environment:checking '/home/ubuntu/ros2_ws/install/mpu6050_imu' for CMake module files
[6.102s] Level 1:colcon.colcon_core.environment:checking '/home/ubuntu/ros2_ws/install/mpu6050_imu' for CMake config files
[6.106s] Level 1:colcon.colcon_core.environment:checking '/home/ubuntu/ros2_ws/install/mpu6050_imu/lib'
[6.107s] Level 1:colcon.colcon_core.environment:checking '/home/ubuntu/ros2_ws/install/mpu6050_imu/bin'
[6.108s] Level 1:colcon.colcon_core.environment:checking '/home/ubuntu/ros2_ws/install/mpu6050_imu/lib/pkgconfig/mpu6050_imu.pc'
[6.109s] Level 1:colcon.colcon_core.environment:checking '/home/ubuntu/ros2_ws/install/mpu6050_imu/lib/python3.10/site-packages'
[6.109s] Level 1:colcon.colcon_core.shell:create_environment_hook('mpu6050_imu', 'pythonpath')
[6.111s] INFO:colcon.colcon_core.shell:Creating environment hook '/home/ubuntu/ros2_ws/install/mpu6050_imu/share/mpu6050_imu/hook/pythonpath.ps1'
[6.113s] INFO:colcon.colcon_core.shell:Creating environment descriptor '/home/ubuntu/ros2_ws/install/mpu6050_imu/share/mpu6050_imu/hook/pythonpath.dsv'
[6.114s] INFO:colcon.colcon_core.shell:Creating environment hook '/home/ubuntu/ros2_ws/install/mpu6050_imu/share/mpu6050_imu/hook/pythonpath.sh'
[6.117s] Level 1:colcon.colcon_core.environment:checking '/home/ubuntu/ros2_ws/install/mpu6050_imu/bin'
[6.117s] Level 1:colcon.colcon_core.environment:create_environment_scripts_only(mpu6050_imu)
[6.119s] INFO:colcon.colcon_core.shell:Creating package script '/home/ubuntu/ros2_ws/install/mpu6050_imu/share/mpu6050_imu/package.ps1'
[6.122s] INFO:colcon.colcon_core.shell:Creating package descriptor '/home/ubuntu/ros2_ws/install/mpu6050_imu/share/mpu6050_imu/package.dsv'
[6.125s] INFO:colcon.colcon_core.shell:Creating package script '/home/ubuntu/ros2_ws/install/mpu6050_imu/share/mpu6050_imu/package.sh'
[6.129s] INFO:colcon.colcon_core.shell:Creating package script '/home/ubuntu/ros2_ws/install/mpu6050_imu/share/mpu6050_imu/package.bash'
[6.133s] INFO:colcon.colcon_core.shell:Creating package script '/home/ubuntu/ros2_ws/install/mpu6050_imu/share/mpu6050_imu/package.zsh'
[6.136s] Level 1:colcon.colcon_core.environment:create_file_with_runtime_dependencies(/home/ubuntu/ros2_ws/install/mpu6050_imu/share/colcon-core/packages/mpu6050_imu)
[6.138s] DEBUG:colcon.colcon_parallel_executor.executor.parallel:closing loop
[6.139s] DEBUG:colcon.colcon_parallel_executor.executor.parallel:loop closed
[6.140s] DEBUG:colcon.colcon_parallel_executor.executor.parallel:run_until_complete finished with '0'
[6.140s] DEBUG:colcon.colcon_core.event_reactor:joining thread
[6.163s] INFO:colcon.colcon_core.plugin_system:Skipping extension 'colcon_notification.desktop_notification.notify_send': Could not find 'notify-send'
[6.164s] INFO:colcon.colcon_core.plugin_system:Skipping extension 'colcon_notification.desktop_notification.terminal_notifier': Not used on non-Darwin systems
[6.164s] INFO:colcon.colcon_core.plugin_system:Skipping extension 'colcon_notification.desktop_notification.win32': Not used on non-Windows systems
[6.164s] INFO:colcon.colcon_notification.desktop_notification:Sending desktop notification using 'notify2'
[6.167s] DEBUG:colcon.colcon_notification.desktop_notification.notify2:Failed to initialize notify2: org.freedesktop.DBus.Error.ServiceUnknown: The name org.freedesktop.Notifications was not provided by any .service files
[6.167s] DEBUG:colcon.colcon_core.event_reactor:joined thread
[6.169s] INFO:colcon.colcon_core.shell:Creating prefix script '/home/ubuntu/ros2_ws/install/local_setup.ps1'
[6.173s] INFO:colcon.colcon_core.shell:Creating prefix util module '/home/ubuntu/ros2_ws/install/_local_setup_util_ps1.py'
[6.181s] INFO:colcon.colcon_core.shell:Creating prefix chain script '/home/ubuntu/ros2_ws/install/setup.ps1'
[6.188s] INFO:colcon.colcon_core.shell:Creating prefix script '/home/ubuntu/ros2_ws/install/local_setup.sh'
[6.191s] INFO:colcon.colcon_core.shell:Creating prefix util module '/home/ubuntu/ros2_ws/install/_local_setup_util_sh.py'
[6.194s] INFO:colcon.colcon_core.shell:Creating prefix chain script '/home/ubuntu/ros2_ws/install/setup.sh'
[6.200s] INFO:colcon.colcon_core.shell:Creating prefix script '/home/ubuntu/ros2_ws/install/local_setup.bash'
[6.203s] INFO:colcon.colcon_core.shell:Creating prefix chain script '/home/ubuntu/ros2_ws/install/setup.bash'
[6.208s] INFO:colcon.colcon_core.shell:Creating prefix script '/home/ubuntu/ros2_ws/install/local_setup.zsh'
[6.212s] INFO:colcon.colcon_core.shell:Creating prefix chain script '/home/ubuntu/ros2_ws/install/setup.zsh'
