[2.909s] Invoking command in '/home/ubuntu/ros2_ws/src/motor_control': PYTHONPATH=/home/ubuntu/ros2_ws/build/motor_control/prefix_override:/usr/lib/python3/dist-packages/colcon_core/task/python/colcon_distutils_commands:/home/ubuntu/ros2_ws/install/motor_control/lib/python3.10/site-packages:${PYTHONPATH} /usr/bin/python3 -W ignore:setup.py install is deprecated -W ignore:easy_install command is deprecated setup.py egg_info --egg-base ../../build/motor_control build --build-base /home/ubuntu/ros2_ws/build/motor_control/build install --record /home/ubuntu/ros2_ws/build/motor_control/install.log --single-version-externally-managed install_data
[4.041s] running egg_info
[4.044s] creating ../../build/motor_control/motor_control.egg-info
[4.044s] writing ../../build/motor_control/motor_control.egg-info/PKG-INFO
[4.046s] writing dependency_links to ../../build/motor_control/motor_control.egg-info/dependency_links.txt
[4.046s] writing entry points to ../../build/motor_control/motor_control.egg-info/entry_points.txt
[4.047s] writing requirements to ../../build/motor_control/motor_control.egg-info/requires.txt
[4.048s] writing top-level names to ../../build/motor_control/motor_control.egg-info/top_level.txt
[4.049s] writing manifest file '../../build/motor_control/motor_control.egg-info/SOURCES.txt'
[4.057s] reading manifest file '../../build/motor_control/motor_control.egg-info/SOURCES.txt'
[4.061s] writing manifest file '../../build/motor_control/motor_control.egg-info/SOURCES.txt'
[4.062s] running build
[4.062s] running build_py
[4.063s] creating /home/ubuntu/ros2_ws/build/motor_control/build
[4.064s] creating /home/ubuntu/ros2_ws/build/motor_control/build/lib
[4.064s] creating /home/ubuntu/ros2_ws/build/motor_control/build/lib/motor_control
[4.065s] copying motor_control/__init__.py -> /home/ubuntu/ros2_ws/build/motor_control/build/lib/motor_control
[4.065s] copying motor_control/motor_controller.py -> /home/ubuntu/ros2_ws/build/motor_control/build/lib/motor_control
[4.066s] running install
[4.067s] running install_lib
[4.071s] creating /home/ubuntu/ros2_ws/install/motor_control/lib/python3.10/site-packages/motor_control
[4.071s] copying /home/ubuntu/ros2_ws/build/motor_control/build/lib/motor_control/__init__.py -> /home/ubuntu/ros2_ws/install/motor_control/lib/python3.10/site-packages/motor_control
[4.072s] copying /home/ubuntu/ros2_ws/build/motor_control/build/lib/motor_control/motor_controller.py -> /home/ubuntu/ros2_ws/install/motor_control/lib/python3.10/site-packages/motor_control
[4.075s] byte-compiling /home/ubuntu/ros2_ws/install/motor_control/lib/python3.10/site-packages/motor_control/__init__.py to __init__.cpython-310.pyc
[4.076s] byte-compiling /home/ubuntu/ros2_ws/install/motor_control/lib/python3.10/site-packages/motor_control/motor_controller.py to motor_controller.cpython-310.pyc
[4.080s] running install_data
[4.081s] creating /home/ubuntu/ros2_ws/install/motor_control/share/ament_index
[4.081s] creating /home/ubuntu/ros2_ws/install/motor_control/share/ament_index/resource_index
[4.082s] creating /home/ubuntu/ros2_ws/install/motor_control/share/ament_index/resource_index/packages
[4.082s] copying resource/motor_control -> /home/ubuntu/ros2_ws/install/motor_control/share/ament_index/resource_index/packages
[4.083s] copying package.xml -> /home/ubuntu/ros2_ws/install/motor_control/share/motor_control
[4.083s] running install_egg_info
[4.092s] Copying ../../build/motor_control/motor_control.egg-info to /home/ubuntu/ros2_ws/install/motor_control/lib/python3.10/site-packages/motor_control-0.0.0-py3.10.egg-info
[4.098s] running install_scripts
[4.186s] Installing motor_controller script to /home/ubuntu/ros2_ws/install/motor_control/lib/motor_control
[4.187s] writing list of installed files to '/home/ubuntu/ros2_ws/build/motor_control/install.log'
[4.310s] Invoked command in '/home/ubuntu/ros2_ws/src/motor_control' returned '0': PYTHONPATH=/home/ubuntu/ros2_ws/build/motor_control/prefix_override:/usr/lib/python3/dist-packages/colcon_core/task/python/colcon_distutils_commands:/home/ubuntu/ros2_ws/install/motor_control/lib/python3.10/site-packages:${PYTHONPATH} /usr/bin/python3 -W ignore:setup.py install is deprecated -W ignore:easy_install command is deprecated setup.py egg_info --egg-base ../../build/motor_control build --build-base /home/ubuntu/ros2_ws/build/motor_control/build install --record /home/ubuntu/ros2_ws/build/motor_control/install.log --single-version-externally-managed install_data
