[0.333s] Invoking command in '/home/jakhon37/myprojects/mmm/autonomus/auto_ros/ros2_tutor/ros2_ws/src/my_robot_controller': CONDA_PROMPT_MODIFIER=(base) PYTHONPATH=/home/jakhon37/myprojects/mmm/autonomus/auto_ros/ros2_tutor/ros2_ws/build/my_robot_controller/prefix_override:/usr/lib/python3/dist-packages/colcon_core/task/python/colcon_distutils_commands:/home/jakhon37/myprojects/mmm/autonomus/auto_ros/ros2_tutor/ros2_ws/install/my_robot_controller/lib/python3.10/site-packages:${PYTHONPATH} /usr/bin/python3 -W ignore:setup.py install is deprecated -W ignore:easy_install command is deprecated setup.py egg_info --egg-base ../../build/my_robot_controller build --build-base /home/jakhon37/myprojects/mmm/autonomus/auto_ros/ros2_tutor/ros2_ws/build/my_robot_controller/build install --record /home/jakhon37/myprojects/mmm/autonomus/auto_ros/ros2_tutor/ros2_ws/build/my_robot_controller/install.log --single-version-externally-managed install_data
[0.425s] running egg_info
[0.425s] creating ../../build/my_robot_controller/my_robot_controller.egg-info
[0.425s] writing ../../build/my_robot_controller/my_robot_controller.egg-info/PKG-INFO
[0.425s] writing dependency_links to ../../build/my_robot_controller/my_robot_controller.egg-info/dependency_links.txt
[0.425s] writing entry points to ../../build/my_robot_controller/my_robot_controller.egg-info/entry_points.txt
[0.425s] writing requirements to ../../build/my_robot_controller/my_robot_controller.egg-info/requires.txt
[0.425s] writing top-level names to ../../build/my_robot_controller/my_robot_controller.egg-info/top_level.txt
[0.425s] writing manifest file '../../build/my_robot_controller/my_robot_controller.egg-info/SOURCES.txt'
[0.426s] reading manifest file '../../build/my_robot_controller/my_robot_controller.egg-info/SOURCES.txt'
[0.427s] writing manifest file '../../build/my_robot_controller/my_robot_controller.egg-info/SOURCES.txt'
[0.427s] running build
[0.427s] running build_py
[0.427s] creating /home/jakhon37/myprojects/mmm/autonomus/auto_ros/ros2_tutor/ros2_ws/build/my_robot_controller/build
[0.427s] creating /home/jakhon37/myprojects/mmm/autonomus/auto_ros/ros2_tutor/ros2_ws/build/my_robot_controller/build/lib
[0.427s] creating /home/jakhon37/myprojects/mmm/autonomus/auto_ros/ros2_tutor/ros2_ws/build/my_robot_controller/build/lib/my_robot_controller
[0.427s] copying my_robot_controller/__init__.py -> /home/jakhon37/myprojects/mmm/autonomus/auto_ros/ros2_tutor/ros2_ws/build/my_robot_controller/build/lib/my_robot_controller
[0.427s] running install
[0.427s] running install_lib
[0.427s] creating /home/jakhon37/myprojects/mmm/autonomus/auto_ros/ros2_tutor/ros2_ws/install/my_robot_controller/lib/python3.10/site-packages/my_robot_controller
[0.427s] copying /home/jakhon37/myprojects/mmm/autonomus/auto_ros/ros2_tutor/ros2_ws/build/my_robot_controller/build/lib/my_robot_controller/__init__.py -> /home/jakhon37/myprojects/mmm/autonomus/auto_ros/ros2_tutor/ros2_ws/install/my_robot_controller/lib/python3.10/site-packages/my_robot_controller
[0.428s] byte-compiling /home/jakhon37/myprojects/mmm/autonomus/auto_ros/ros2_tutor/ros2_ws/install/my_robot_controller/lib/python3.10/site-packages/my_robot_controller/__init__.py to __init__.cpython-310.pyc
[0.428s] running install_data
[0.428s] creating /home/jakhon37/myprojects/mmm/autonomus/auto_ros/ros2_tutor/ros2_ws/install/my_robot_controller/share/ament_index
[0.428s] creating /home/jakhon37/myprojects/mmm/autonomus/auto_ros/ros2_tutor/ros2_ws/install/my_robot_controller/share/ament_index/resource_index
[0.428s] creating /home/jakhon37/myprojects/mmm/autonomus/auto_ros/ros2_tutor/ros2_ws/install/my_robot_controller/share/ament_index/resource_index/packages
[0.428s] copying resource/my_robot_controller -> /home/jakhon37/myprojects/mmm/autonomus/auto_ros/ros2_tutor/ros2_ws/install/my_robot_controller/share/ament_index/resource_index/packages
[0.428s] copying package.xml -> /home/jakhon37/myprojects/mmm/autonomus/auto_ros/ros2_tutor/ros2_ws/install/my_robot_controller/share/my_robot_controller
[0.428s] running install_egg_info
[0.429s] Copying ../../build/my_robot_controller/my_robot_controller.egg-info to /home/jakhon37/myprojects/mmm/autonomus/auto_ros/ros2_tutor/ros2_ws/install/my_robot_controller/lib/python3.10/site-packages/my_robot_controller-0.0.0-py3.10.egg-info
[0.429s] running install_scripts
[0.440s] writing list of installed files to '/home/jakhon37/myprojects/mmm/autonomus/auto_ros/ros2_tutor/ros2_ws/build/my_robot_controller/install.log'
[0.449s] Invoked command in '/home/jakhon37/myprojects/mmm/autonomus/auto_ros/ros2_tutor/ros2_ws/src/my_robot_controller' returned '0': CONDA_PROMPT_MODIFIER=(base) PYTHONPATH=/home/jakhon37/myprojects/mmm/autonomus/auto_ros/ros2_tutor/ros2_ws/build/my_robot_controller/prefix_override:/usr/lib/python3/dist-packages/colcon_core/task/python/colcon_distutils_commands:/home/jakhon37/myprojects/mmm/autonomus/auto_ros/ros2_tutor/ros2_ws/install/my_robot_controller/lib/python3.10/site-packages:${PYTHONPATH} /usr/bin/python3 -W ignore:setup.py install is deprecated -W ignore:easy_install command is deprecated setup.py egg_info --egg-base ../../build/my_robot_controller build --build-base /home/jakhon37/myprojects/mmm/autonomus/auto_ros/ros2_tutor/ros2_ws/build/my_robot_controller/build install --record /home/jakhon37/myprojects/mmm/autonomus/auto_ros/ros2_tutor/ros2_ws/build/my_robot_controller/install.log --single-version-externally-managed install_data
