[8.607s] Invoking command in '/home/ubuntu/ros2_ws/src/motor_control': PYTHONPATH=/home/ubuntu/ros2_ws/build/motor_control/prefix_override:/usr/lib/python3/dist-packages/colcon_core/task/python/colcon_distutils_commands:/home/ubuntu/ros2_ws/install/motor_control/lib/python3.10/site-packages:${PYTHONPATH} /usr/bin/python3 -W ignore:setup.py install is deprecated -W ignore:easy_install command is deprecated setup.py egg_info --egg-base ../../build/motor_control build --build-base /home/ubuntu/ros2_ws/build/motor_control/build install --record /home/ubuntu/ros2_ws/build/motor_control/install.log --single-version-externally-managed install_data
[10.301s] running egg_info
[10.306s] writing ../../build/motor_control/motor_control.egg-info/PKG-INFO
[10.309s] writing dependency_links to ../../build/motor_control/motor_control.egg-info/dependency_links.txt
[10.311s] writing entry points to ../../build/motor_control/motor_control.egg-info/entry_points.txt
[10.314s] writing requirements to ../../build/motor_control/motor_control.egg-info/requires.txt
[10.315s] writing top-level names to ../../build/motor_control/motor_control.egg-info/top_level.txt
[10.323s] reading manifest file '../../build/motor_control/motor_control.egg-info/SOURCES.txt'
[10.330s] writing manifest file '../../build/motor_control/motor_control.egg-info/SOURCES.txt'
[10.331s] running build
[10.334s] running build_py
[10.336s] running install
[10.338s] running install_lib
[10.345s] running install_data
[10.350s] running install_egg_info
[10.359s] removing '/home/ubuntu/ros2_ws/install/motor_control/lib/python3.10/site-packages/motor_control-0.0.0-py3.10.egg-info' (and everything under it)
[10.361s] Copying ../../build/motor_control/motor_control.egg-info to /home/ubuntu/ros2_ws/install/motor_control/lib/python3.10/site-packages/motor_control-0.0.0-py3.10.egg-info
[10.373s] running install_scripts
[10.507s] Installing motor_controller script to /home/ubuntu/ros2_ws/install/motor_control/lib/motor_control
[10.510s] writing list of installed files to '/home/ubuntu/ros2_ws/build/motor_control/install.log'
[10.717s] Invoked command in '/home/ubuntu/ros2_ws/src/motor_control' returned '0': PYTHONPATH=/home/ubuntu/ros2_ws/build/motor_control/prefix_override:/usr/lib/python3/dist-packages/colcon_core/task/python/colcon_distutils_commands:/home/ubuntu/ros2_ws/install/motor_control/lib/python3.10/site-packages:${PYTHONPATH} /usr/bin/python3 -W ignore:setup.py install is deprecated -W ignore:easy_install command is deprecated setup.py egg_info --egg-base ../../build/motor_control build --build-base /home/ubuntu/ros2_ws/build/motor_control/build install --record /home/ubuntu/ros2_ws/build/motor_control/install.log --single-version-externally-managed install_data
