running develop
Removing /home/ubuntu/ros2_ws/install/motor_control/lib/python3.10/site-packages/motor-control.egg-link (link to .)
running egg_info
writing ../../build/motor_control/motor_control.egg-info/PKG-INFO
writing dependency_links to ../../build/motor_control/motor_control.egg-info/dependency_links.txt
writing entry points to ../../build/motor_control/motor_control.egg-info/entry_points.txt
writing requirements to ../../build/motor_control/motor_control.egg-info/requires.txt
writing top-level names to ../../build/motor_control/motor_control.egg-info/top_level.txt
reading manifest file '../../build/motor_control/motor_control.egg-info/SOURCES.txt'
writing manifest file '../../build/motor_control/motor_control.egg-info/SOURCES.txt'
running build
running build_py
copying motor_control/motor_controller.py -> /home/ubuntu/ros2_ws/build/motor_control/build/lib/motor_control
running install
running install_lib
creating /home/ubuntu/ros2_ws/install/motor_control/lib/python3.10/site-packages/motor_control
copying /home/ubuntu/ros2_ws/build/motor_control/build/lib/motor_control/__init__.py -> /home/ubuntu/ros2_ws/install/motor_control/lib/python3.10/site-packages/motor_control
copying /home/ubuntu/ros2_ws/build/motor_control/build/lib/motor_control/motor_controller.py -> /home/ubuntu/ros2_ws/install/motor_control/lib/python3.10/site-packages/motor_control
byte-compiling /home/ubuntu/ros2_ws/install/motor_control/lib/python3.10/site-packages/motor_control/__init__.py to __init__.cpython-310.pyc
byte-compiling /home/ubuntu/ros2_ws/install/motor_control/lib/python3.10/site-packages/motor_control/motor_controller.py to motor_controller.cpython-310.pyc
running install_data
copying resource/motor_control -> /home/ubuntu/ros2_ws/install/motor_control/share/ament_index/resource_index/packages
copying package.xml -> /home/ubuntu/ros2_ws/install/motor_control/share/motor_control
running install_egg_info
Copying ../../build/motor_control/motor_control.egg-info to /home/ubuntu/ros2_ws/install/motor_control/lib/python3.10/site-packages/motor_control-0.0.0-py3.10.egg-info
running install_scripts
Installing motor_controller script to /home/ubuntu/ros2_ws/install/motor_control/lib/motor_control
writing list of installed files to '/home/ubuntu/ros2_ws/build/motor_control/install.log'
